+ module load iimpi/2022a vsc-mympirun
+ '[' -z '' ']'
+ case "$-" in
+ __lmod_sh_dbg=x
+ '[' -n x ']'
+ set +x
Shell debugging temporarily silenced: export LMOD_SH_DBG_ON=1 for Lmod's output
Shell debugging restarted
+ unset __lmod_sh_dbg
+ return 0
+ module load imkl/2022.1.0
+ '[' -z '' ']'
+ case "$-" in
+ __lmod_sh_dbg=x
+ '[' -n x ']'
+ set +x
Shell debugging temporarily silenced: export LMOD_SH_DBG_ON=1 for Lmod's output
Shell debugging restarted
+ unset __lmod_sh_dbg
+ return 0
+ export LD_LIBRARY_PATH=/readonly/dodrio/apps/RHEL8/zen3-ib/software/imkl/2022.1.0/mkl/2022.1.0/lib/intel64:/readonly/dodrio/apps/RHEL8/zen3-ib/software/imkl/2022.1.0/compiler/2022.1.0/linux/compiler/lib/intel64_lin:/readonly/dodrio/apps/RHEL8/zen3-ib/software/impi/2021.6.0-intel-compilers-2022.1.0/mpi/2021.6.0/libfabric/lib:/readonly/dodrio/apps/RHEL8/zen3-ib/software/impi/2021.6.0-intel-compilers-2022.1.0/mpi/2021.6.0/lib/release:/readonly/dodrio/apps/RHEL8/zen3-ib/software/impi/2021.6.0-intel-compilers-2022.1.0/mpi/2021.6.0/lib:/readonly/dodrio/apps/RHEL8/zen3-ib/software/UCX/1.12.1-GCCcore-11.3.0/lib:/readonly/dodrio/apps/RHEL8/zen3-ib/software/numactl/2.0.14-GCCcore-11.3.0/lib:/readonly/dodrio/apps/RHEL8/zen3-ib/software/intel-compilers/2022.1.0/tbb/2021.6.0/lib/intel64/gcc4.8:/readonly/dodrio/apps/RHEL8/zen3-ib/software/intel-compilers/2022.1.0/compiler/2022.1.0/linux/compiler/lib/intel64_lin:/readonly/dodrio/apps/RHEL8/zen3-ib/software/intel-compilers/2022.1.0/compiler/2022.1.0/linux/lib/x64:/readonly/dodrio/apps/RHEL8/zen3-ib/software/intel-compilers/2022.1.0/compiler/2022.1.0/linux/lib:/readonly/dodrio/apps/RHEL8/zen3-ib/software/binutils/2.38-GCCcore-11.3.0/lib:/readonly/dodrio/apps/RHEL8/zen3-ib/software/zlib/1.2.12-GCCcore-11.3.0/lib:/readonly/dodrio/apps/RHEL8/zen3-ib/software/GCCcore/11.3.0/lib64:/dodrio/scratch/projects/starting_2022_075/accord/software/iimpi2022a/lib64
+ LD_LIBRARY_PATH=/readonly/dodrio/apps/RHEL8/zen3-ib/software/imkl/2022.1.0/mkl/2022.1.0/lib/intel64:/readonly/dodrio/apps/RHEL8/zen3-ib/software/imkl/2022.1.0/compiler/2022.1.0/linux/compiler/lib/intel64_lin:/readonly/dodrio/apps/RHEL8/zen3-ib/software/impi/2021.6.0-intel-compilers-2022.1.0/mpi/2021.6.0/libfabric/lib:/readonly/dodrio/apps/RHEL8/zen3-ib/software/impi/2021.6.0-intel-compilers-2022.1.0/mpi/2021.6.0/lib/release:/readonly/dodrio/apps/RHEL8/zen3-ib/software/impi/2021.6.0-intel-compilers-2022.1.0/mpi/2021.6.0/lib:/readonly/dodrio/apps/RHEL8/zen3-ib/software/UCX/1.12.1-GCCcore-11.3.0/lib:/readonly/dodrio/apps/RHEL8/zen3-ib/software/numactl/2.0.14-GCCcore-11.3.0/lib:/readonly/dodrio/apps/RHEL8/zen3-ib/software/intel-compilers/2022.1.0/tbb/2021.6.0/lib/intel64/gcc4.8:/readonly/dodrio/apps/RHEL8/zen3-ib/software/intel-compilers/2022.1.0/compiler/2022.1.0/linux/compiler/lib/intel64_lin:/readonly/dodrio/apps/RHEL8/zen3-ib/software/intel-compilers/2022.1.0/compiler/2022.1.0/linux/lib/x64:/readonly/dodrio/apps/RHEL8/zen3-ib/software/intel-compilers/2022.1.0/compiler/2022.1.0/linux/lib:/readonly/dodrio/apps/RHEL8/zen3-ib/software/binutils/2.38-GCCcore-11.3.0/lib:/readonly/dodrio/apps/RHEL8/zen3-ib/software/zlib/1.2.12-GCCcore-11.3.0/lib:/readonly/dodrio/apps/RHEL8/zen3-ib/software/GCCcore/11.3.0/lib64:/dodrio/scratch/projects/starting_2022_075/accord/software/iimpi2022a/lib64
+ export OMP_NUM_THREADS=1
+ OMP_NUM_THREADS=1
+ [[ ! -d /dodrio/scratch/users/vsc45263/wout/PGD-clim-Tier1/climake/e923_update/data/clim/BE40a_l_z0sfx_0.53-1.5h_lis3-3.II ]]
+ cd /tmp
+ cat
+ for mm in 01 02 03 04 05 06 07 08 09 10 11 12
+ echo '===> month: 01 <==='
===> month: 01 <===
+ cp /dodrio/scratch/users/vsc45263/wout/PGD-clim-Tier1/climake/outputFiles/pgddomain-BE40a_l.nam__climdomain-BE40a_l.nam__cycle-cy43t2_clim-op8.01__pgdnam-GCO__climnam-GCO__orotrunc-QUADRATIC__othertrunc-LINEAR__v-1.37/Const.Clim.01 /dodrio/scratch/users/vsc45263/wout/PGD-clim-Tier1/climake/e923_update/data/clim/BE40a_l_z0sfx_0.53-1.5h_lis3-3.II/Const.Clim.01
+ mympirun -h 1 /dodrio/scratch/users/vsc45263/wout/PGD-clim-Tier1/climake/e923_update/fa_sfx2clim/fa_sfx2clim nam /dodrio/scratch/users/vsc45263/wout/PGD-clim-Tier1/climake/outputFiles/pgddomain-BE40a_l.nam__climdomain-BE40a_l.nam__cycle-cy43t2_clim-op8.01__pgdnam-GCO__climnam-GCO__orotrunc-QUADRATIC__othertrunc-LINEAR__v-1.37/PGD.fa /dodrio/scratch/users/vsc45263/wout/PGD-clim-Tier1/climake/e923_update/data/sfx/BE40a_l_z0sfx_0.53-1.5h_lis3-3.II/ICMSHABOF+0000.sfx.m01 /dodrio/scratch/users/vsc45263/wout/PGD-clim-Tier1/climake/e923_update/data/clim/BE40a_l_z0sfx_0.53-1.5h_lis3-3.II/Const.Clim.01
SetMasterThreadsStackSizeBeforeMain() : Master thread's stack size = 117842328096768 bytes [setrlimit() was not called]
`linux_bind.txt' was not found
+ for mm in 01 02 03 04 05 06 07 08 09 10 11 12
+ echo '===> month: 02 <==='
===> month: 02 <===
+ cp /dodrio/scratch/users/vsc45263/wout/PGD-clim-Tier1/climake/outputFiles/pgddomain-BE40a_l.nam__climdomain-BE40a_l.nam__cycle-cy43t2_clim-op8.01__pgdnam-GCO__climnam-GCO__orotrunc-QUADRATIC__othertrunc-LINEAR__v-1.37/Const.Clim.02 /dodrio/scratch/users/vsc45263/wout/PGD-clim-Tier1/climake/e923_update/data/clim/BE40a_l_z0sfx_0.53-1.5h_lis3-3.II/Const.Clim.02
+ mympirun -h 1 /dodrio/scratch/users/vsc45263/wout/PGD-clim-Tier1/climake/e923_update/fa_sfx2clim/fa_sfx2clim nam /dodrio/scratch/users/vsc45263/wout/PGD-clim-Tier1/climake/outputFiles/pgddomain-BE40a_l.nam__climdomain-BE40a_l.nam__cycle-cy43t2_clim-op8.01__pgdnam-GCO__climnam-GCO__orotrunc-QUADRATIC__othertrunc-LINEAR__v-1.37/PGD.fa /dodrio/scratch/users/vsc45263/wout/PGD-clim-Tier1/climake/e923_update/data/sfx/BE40a_l_z0sfx_0.53-1.5h_lis3-3.II/ICMSHABOF+0000.sfx.m02 /dodrio/scratch/users/vsc45263/wout/PGD-clim-Tier1/climake/e923_update/data/clim/BE40a_l_z0sfx_0.53-1.5h_lis3-3.II/Const.Clim.02
SetMasterThreadsStackSizeBeforeMain() : Master thread's stack size = 118247720980480 bytes [setrlimit() was not called]
`linux_bind.txt' was not found
+ for mm in 01 02 03 04 05 06 07 08 09 10 11 12
+ echo '===> month: 03 <==='
===> month: 03 <===
+ cp /dodrio/scratch/users/vsc45263/wout/PGD-clim-Tier1/climake/outputFiles/pgddomain-BE40a_l.nam__climdomain-BE40a_l.nam__cycle-cy43t2_clim-op8.01__pgdnam-GCO__climnam-GCO__orotrunc-QUADRATIC__othertrunc-LINEAR__v-1.37/Const.Clim.03 /dodrio/scratch/users/vsc45263/wout/PGD-clim-Tier1/climake/e923_update/data/clim/BE40a_l_z0sfx_0.53-1.5h_lis3-3.II/Const.Clim.03
+ mympirun -h 1 /dodrio/scratch/users/vsc45263/wout/PGD-clim-Tier1/climake/e923_update/fa_sfx2clim/fa_sfx2clim nam /dodrio/scratch/users/vsc45263/wout/PGD-clim-Tier1/climake/outputFiles/pgddomain-BE40a_l.nam__climdomain-BE40a_l.nam__cycle-cy43t2_clim-op8.01__pgdnam-GCO__climnam-GCO__orotrunc-QUADRATIC__othertrunc-LINEAR__v-1.37/PGD.fa /dodrio/scratch/users/vsc45263/wout/PGD-clim-Tier1/climake/e923_update/data/sfx/BE40a_l_z0sfx_0.53-1.5h_lis3-3.II/ICMSHABOF+0000.sfx.m03 /dodrio/scratch/users/vsc45263/wout/PGD-clim-Tier1/climake/e923_update/data/clim/BE40a_l_z0sfx_0.53-1.5h_lis3-3.II/Const.Clim.03
SetMasterThreadsStackSizeBeforeMain() : Master thread's stack size = 118116370898944 bytes [setrlimit() was not called]
`linux_bind.txt' was not found
+ for mm in 01 02 03 04 05 06 07 08 09 10 11 12
+ echo '===> month: 04 <==='
===> month: 04 <===
+ cp /dodrio/scratch/users/vsc45263/wout/PGD-clim-Tier1/climake/outputFiles/pgddomain-BE40a_l.nam__climdomain-BE40a_l.nam__cycle-cy43t2_clim-op8.01__pgdnam-GCO__climnam-GCO__orotrunc-QUADRATIC__othertrunc-LINEAR__v-1.37/Const.Clim.04 /dodrio/scratch/users/vsc45263/wout/PGD-clim-Tier1/climake/e923_update/data/clim/BE40a_l_z0sfx_0.53-1.5h_lis3-3.II/Const.Clim.04
+ mympirun -h 1 /dodrio/scratch/users/vsc45263/wout/PGD-clim-Tier1/climake/e923_update/fa_sfx2clim/fa_sfx2clim nam /dodrio/scratch/users/vsc45263/wout/PGD-clim-Tier1/climake/outputFiles/pgddomain-BE40a_l.nam__climdomain-BE40a_l.nam__cycle-cy43t2_clim-op8.01__pgdnam-GCO__climnam-GCO__orotrunc-QUADRATIC__othertrunc-LINEAR__v-1.37/PGD.fa /dodrio/scratch/users/vsc45263/wout/PGD-clim-Tier1/climake/e923_update/data/sfx/BE40a_l_z0sfx_0.53-1.5h_lis3-3.II/ICMSHABOF+0000.sfx.m04 /dodrio/scratch/users/vsc45263/wout/PGD-clim-Tier1/climake/e923_update/data/clim/BE40a_l_z0sfx_0.53-1.5h_lis3-3.II/Const.Clim.04
SetMasterThreadsStackSizeBeforeMain() : Master thread's stack size = 118271889473536 bytes [setrlimit() was not called]
`linux_bind.txt' was not found
+ for mm in 01 02 03 04 05 06 07 08 09 10 11 12
+ echo '===> month: 05 <==='
===> month: 05 <===
+ cp /dodrio/scratch/users/vsc45263/wout/PGD-clim-Tier1/climake/outputFiles/pgddomain-BE40a_l.nam__climdomain-BE40a_l.nam__cycle-cy43t2_clim-op8.01__pgdnam-GCO__climnam-GCO__orotrunc-QUADRATIC__othertrunc-LINEAR__v-1.37/Const.Clim.05 /dodrio/scratch/users/vsc45263/wout/PGD-clim-Tier1/climake/e923_update/data/clim/BE40a_l_z0sfx_0.53-1.5h_lis3-3.II/Const.Clim.05
+ mympirun -h 1 /dodrio/scratch/users/vsc45263/wout/PGD-clim-Tier1/climake/e923_update/fa_sfx2clim/fa_sfx2clim nam /dodrio/scratch/users/vsc45263/wout/PGD-clim-Tier1/climake/outputFiles/pgddomain-BE40a_l.nam__climdomain-BE40a_l.nam__cycle-cy43t2_clim-op8.01__pgdnam-GCO__climnam-GCO__orotrunc-QUADRATIC__othertrunc-LINEAR__v-1.37/PGD.fa /dodrio/scratch/users/vsc45263/wout/PGD-clim-Tier1/climake/e923_update/data/sfx/BE40a_l_z0sfx_0.53-1.5h_lis3-3.II/ICMSHABOF+0000.sfx.m05 /dodrio/scratch/users/vsc45263/wout/PGD-clim-Tier1/climake/e923_update/data/clim/BE40a_l_z0sfx_0.53-1.5h_lis3-3.II/Const.Clim.05
SetMasterThreadsStackSizeBeforeMain() : Master thread's stack size = 117735582445568 bytes [setrlimit() was not called]
`linux_bind.txt' was not found
+ for mm in 01 02 03 04 05 06 07 08 09 10 11 12
+ echo '===> month: 06 <==='
===> month: 06 <===
+ cp /dodrio/scratch/users/vsc45263/wout/PGD-clim-Tier1/climake/outputFiles/pgddomain-BE40a_l.nam__climdomain-BE40a_l.nam__cycle-cy43t2_clim-op8.01__pgdnam-GCO__climnam-GCO__orotrunc-QUADRATIC__othertrunc-LINEAR__v-1.37/Const.Clim.06 /dodrio/scratch/users/vsc45263/wout/PGD-clim-Tier1/climake/e923_update/data/clim/BE40a_l_z0sfx_0.53-1.5h_lis3-3.II/Const.Clim.06
+ mympirun -h 1 /dodrio/scratch/users/vsc45263/wout/PGD-clim-Tier1/climake/e923_update/fa_sfx2clim/fa_sfx2clim nam /dodrio/scratch/users/vsc45263/wout/PGD-clim-Tier1/climake/outputFiles/pgddomain-BE40a_l.nam__climdomain-BE40a_l.nam__cycle-cy43t2_clim-op8.01__pgdnam-GCO__climnam-GCO__orotrunc-QUADRATIC__othertrunc-LINEAR__v-1.37/PGD.fa /dodrio/scratch/users/vsc45263/wout/PGD-clim-Tier1/climake/e923_update/data/sfx/BE40a_l_z0sfx_0.53-1.5h_lis3-3.II/ICMSHABOF+0000.sfx.m06 /dodrio/scratch/users/vsc45263/wout/PGD-clim-Tier1/climake/e923_update/data/clim/BE40a_l_z0sfx_0.53-1.5h_lis3-3.II/Const.Clim.06
SetMasterThreadsStackSizeBeforeMain() : Master thread's stack size = 117852723650560 bytes [setrlimit() was not called]
`linux_bind.txt' was not found
+ for mm in 01 02 03 04 05 06 07 08 09 10 11 12
+ echo '===> month: 07 <==='
===> month: 07 <===
+ cp /dodrio/scratch/users/vsc45263/wout/PGD-clim-Tier1/climake/outputFiles/pgddomain-BE40a_l.nam__climdomain-BE40a_l.nam__cycle-cy43t2_clim-op8.01__pgdnam-GCO__climnam-GCO__orotrunc-QUADRATIC__othertrunc-LINEAR__v-1.37/Const.Clim.07 /dodrio/scratch/users/vsc45263/wout/PGD-clim-Tier1/climake/e923_update/data/clim/BE40a_l_z0sfx_0.53-1.5h_lis3-3.II/Const.Clim.07
+ mympirun -h 1 /dodrio/scratch/users/vsc45263/wout/PGD-clim-Tier1/climake/e923_update/fa_sfx2clim/fa_sfx2clim nam /dodrio/scratch/users/vsc45263/wout/PGD-clim-Tier1/climake/outputFiles/pgddomain-BE40a_l.nam__climdomain-BE40a_l.nam__cycle-cy43t2_clim-op8.01__pgdnam-GCO__climnam-GCO__orotrunc-QUADRATIC__othertrunc-LINEAR__v-1.37/PGD.fa /dodrio/scratch/users/vsc45263/wout/PGD-clim-Tier1/climake/e923_update/data/sfx/BE40a_l_z0sfx_0.53-1.5h_lis3-3.II/ICMSHABOF+0000.sfx.m07 /dodrio/scratch/users/vsc45263/wout/PGD-clim-Tier1/climake/e923_update/data/clim/BE40a_l_z0sfx_0.53-1.5h_lis3-3.II/Const.Clim.07
SetMasterThreadsStackSizeBeforeMain() : Master thread's stack size = 117627884449792 bytes [setrlimit() was not called]
`linux_bind.txt' was not found
+ for mm in 01 02 03 04 05 06 07 08 09 10 11 12
+ echo '===> month: 08 <==='
===> month: 08 <===
+ cp /dodrio/scratch/users/vsc45263/wout/PGD-clim-Tier1/climake/outputFiles/pgddomain-BE40a_l.nam__climdomain-BE40a_l.nam__cycle-cy43t2_clim-op8.01__pgdnam-GCO__climnam-GCO__orotrunc-QUADRATIC__othertrunc-LINEAR__v-1.37/Const.Clim.08 /dodrio/scratch/users/vsc45263/wout/PGD-clim-Tier1/climake/e923_update/data/clim/BE40a_l_z0sfx_0.53-1.5h_lis3-3.II/Const.Clim.08
+ mympirun -h 1 /dodrio/scratch/users/vsc45263/wout/PGD-clim-Tier1/climake/e923_update/fa_sfx2clim/fa_sfx2clim nam /dodrio/scratch/users/vsc45263/wout/PGD-clim-Tier1/climake/outputFiles/pgddomain-BE40a_l.nam__climdomain-BE40a_l.nam__cycle-cy43t2_clim-op8.01__pgdnam-GCO__climnam-GCO__orotrunc-QUADRATIC__othertrunc-LINEAR__v-1.37/PGD.fa /dodrio/scratch/users/vsc45263/wout/PGD-clim-Tier1/climake/e923_update/data/sfx/BE40a_l_z0sfx_0.53-1.5h_lis3-3.II/ICMSHABOF+0000.sfx.m08 /dodrio/scratch/users/vsc45263/wout/PGD-clim-Tier1/climake/e923_update/data/clim/BE40a_l_z0sfx_0.53-1.5h_lis3-3.II/Const.Clim.08
SetMasterThreadsStackSizeBeforeMain() : Master thread's stack size = 117270271320064 bytes [setrlimit() was not called]
`linux_bind.txt' was not found
+ for mm in 01 02 03 04 05 06 07 08 09 10 11 12
+ echo '===> month: 09 <==='
===> month: 09 <===
+ cp /dodrio/scratch/users/vsc45263/wout/PGD-clim-Tier1/climake/outputFiles/pgddomain-BE40a_l.nam__climdomain-BE40a_l.nam__cycle-cy43t2_clim-op8.01__pgdnam-GCO__climnam-GCO__orotrunc-QUADRATIC__othertrunc-LINEAR__v-1.37/Const.Clim.09 /dodrio/scratch/users/vsc45263/wout/PGD-clim-Tier1/climake/e923_update/data/clim/BE40a_l_z0sfx_0.53-1.5h_lis3-3.II/Const.Clim.09
+ mympirun -h 1 /dodrio/scratch/users/vsc45263/wout/PGD-clim-Tier1/climake/e923_update/fa_sfx2clim/fa_sfx2clim nam /dodrio/scratch/users/vsc45263/wout/PGD-clim-Tier1/climake/outputFiles/pgddomain-BE40a_l.nam__climdomain-BE40a_l.nam__cycle-cy43t2_clim-op8.01__pgdnam-GCO__climnam-GCO__orotrunc-QUADRATIC__othertrunc-LINEAR__v-1.37/PGD.fa /dodrio/scratch/users/vsc45263/wout/PGD-clim-Tier1/climake/e923_update/data/sfx/BE40a_l_z0sfx_0.53-1.5h_lis3-3.II/ICMSHABOF+0000.sfx.m09 /dodrio/scratch/users/vsc45263/wout/PGD-clim-Tier1/climake/e923_update/data/clim/BE40a_l_z0sfx_0.53-1.5h_lis3-3.II/Const.Clim.09
SetMasterThreadsStackSizeBeforeMain() : Master thread's stack size = 117543248400384 bytes [setrlimit() was not called]
`linux_bind.txt' was not found
+ for mm in 01 02 03 04 05 06 07 08 09 10 11 12
+ echo '===> month: 10 <==='
===> month: 10 <===
+ cp /dodrio/scratch/users/vsc45263/wout/PGD-clim-Tier1/climake/outputFiles/pgddomain-BE40a_l.nam__climdomain-BE40a_l.nam__cycle-cy43t2_clim-op8.01__pgdnam-GCO__climnam-GCO__orotrunc-QUADRATIC__othertrunc-LINEAR__v-1.37/Const.Clim.10 /dodrio/scratch/users/vsc45263/wout/PGD-clim-Tier1/climake/e923_update/data/clim/BE40a_l_z0sfx_0.53-1.5h_lis3-3.II/Const.Clim.10
+ mympirun -h 1 /dodrio/scratch/users/vsc45263/wout/PGD-clim-Tier1/climake/e923_update/fa_sfx2clim/fa_sfx2clim nam /dodrio/scratch/users/vsc45263/wout/PGD-clim-Tier1/climake/outputFiles/pgddomain-BE40a_l.nam__climdomain-BE40a_l.nam__cycle-cy43t2_clim-op8.01__pgdnam-GCO__climnam-GCO__orotrunc-QUADRATIC__othertrunc-LINEAR__v-1.37/PGD.fa /dodrio/scratch/users/vsc45263/wout/PGD-clim-Tier1/climake/e923_update/data/sfx/BE40a_l_z0sfx_0.53-1.5h_lis3-3.II/ICMSHABOF+0000.sfx.m10 /dodrio/scratch/users/vsc45263/wout/PGD-clim-Tier1/climake/e923_update/data/clim/BE40a_l_z0sfx_0.53-1.5h_lis3-3.II/Const.Clim.10
SetMasterThreadsStackSizeBeforeMain() : Master thread's stack size = 117672480718848 bytes [setrlimit() was not called]
`linux_bind.txt' was not found
+ for mm in 01 02 03 04 05 06 07 08 09 10 11 12
+ echo '===> month: 11 <==='
===> month: 11 <===
+ cp /dodrio/scratch/users/vsc45263/wout/PGD-clim-Tier1/climake/outputFiles/pgddomain-BE40a_l.nam__climdomain-BE40a_l.nam__cycle-cy43t2_clim-op8.01__pgdnam-GCO__climnam-GCO__orotrunc-QUADRATIC__othertrunc-LINEAR__v-1.37/Const.Clim.11 /dodrio/scratch/users/vsc45263/wout/PGD-clim-Tier1/climake/e923_update/data/clim/BE40a_l_z0sfx_0.53-1.5h_lis3-3.II/Const.Clim.11
+ mympirun -h 1 /dodrio/scratch/users/vsc45263/wout/PGD-clim-Tier1/climake/e923_update/fa_sfx2clim/fa_sfx2clim nam /dodrio/scratch/users/vsc45263/wout/PGD-clim-Tier1/climake/outputFiles/pgddomain-BE40a_l.nam__climdomain-BE40a_l.nam__cycle-cy43t2_clim-op8.01__pgdnam-GCO__climnam-GCO__orotrunc-QUADRATIC__othertrunc-LINEAR__v-1.37/PGD.fa /dodrio/scratch/users/vsc45263/wout/PGD-clim-Tier1/climake/e923_update/data/sfx/BE40a_l_z0sfx_0.53-1.5h_lis3-3.II/ICMSHABOF+0000.sfx.m11 /dodrio/scratch/users/vsc45263/wout/PGD-clim-Tier1/climake/e923_update/data/clim/BE40a_l_z0sfx_0.53-1.5h_lis3-3.II/Const.Clim.11
SetMasterThreadsStackSizeBeforeMain() : Master thread's stack size = 117993589649408 bytes [setrlimit() was not called]
`linux_bind.txt' was not found
+ for mm in 01 02 03 04 05 06 07 08 09 10 11 12
+ echo '===> month: 12 <==='
===> month: 12 <===
+ cp /dodrio/scratch/users/vsc45263/wout/PGD-clim-Tier1/climake/outputFiles/pgddomain-BE40a_l.nam__climdomain-BE40a_l.nam__cycle-cy43t2_clim-op8.01__pgdnam-GCO__climnam-GCO__orotrunc-QUADRATIC__othertrunc-LINEAR__v-1.37/Const.Clim.12 /dodrio/scratch/users/vsc45263/wout/PGD-clim-Tier1/climake/e923_update/data/clim/BE40a_l_z0sfx_0.53-1.5h_lis3-3.II/Const.Clim.12
+ mympirun -h 1 /dodrio/scratch/users/vsc45263/wout/PGD-clim-Tier1/climake/e923_update/fa_sfx2clim/fa_sfx2clim nam /dodrio/scratch/users/vsc45263/wout/PGD-clim-Tier1/climake/outputFiles/pgddomain-BE40a_l.nam__climdomain-BE40a_l.nam__cycle-cy43t2_clim-op8.01__pgdnam-GCO__climnam-GCO__orotrunc-QUADRATIC__othertrunc-LINEAR__v-1.37/PGD.fa /dodrio/scratch/users/vsc45263/wout/PGD-clim-Tier1/climake/e923_update/data/sfx/BE40a_l_z0sfx_0.53-1.5h_lis3-3.II/ICMSHABOF+0000.sfx.m12 /dodrio/scratch/users/vsc45263/wout/PGD-clim-Tier1/climake/e923_update/data/clim/BE40a_l_z0sfx_0.53-1.5h_lis3-3.II/Const.Clim.12
SetMasterThreadsStackSizeBeforeMain() : Master thread's stack size = 117476562288640 bytes [setrlimit() was not called]
`linux_bind.txt' was not found
+ echo 'Climate files in directory /dodrio/scratch/users/vsc45263/wout/PGD-clim-Tier1/climake/e923_update/data/clim/BE40a_l_z0sfx_0.53-1.5h_lis3-3.II have been updated.'
Climate files in directory /dodrio/scratch/users/vsc45263/wout/PGD-clim-Tier1/climake/e923_update/data/clim/BE40a_l_z0sfx_0.53-1.5h_lis3-3.II have been updated.
